------------------------------

 Performance counter stats for 'taskset -c 0,1,2,3,4,5,6,7 snap run minebench.BIRCHLarge':

      15809.780442      task-clock (msec)         #    0.998 CPUs utilized          
               212      context-switches          #    0.013 K/sec                  
                36      cpu-migrations            #    0.002 K/sec                  
             8,352      page-faults               #    0.528 K/sec                  
    48,965,284,237      cycles                    #    3.097 GHz                      (50.00%)
   <not supported>      stalled-cycles-frontend  
   <not supported>      stalled-cycles-backend   
    89,840,056,823      instructions              #    1.83  insns per cycle          (62.50%)
    18,904,202,689      branches                  # 1195.728 M/sec                    (62.51%)
       138,292,132      branch-misses             #    0.73% of all branches          (62.50%)
    25,875,854,088      L1-dcache-loads           # 1636.699 M/sec                    (62.37%)
       289,052,435      L1-dcache-load-misses     #    1.12% of all L1-dcache hits    (25.01%)
         6,938,586      LLC-loads                 #    0.439 M/sec                    (25.02%)
         1,130,373      LLC-load-misses           #   16.29% of all LL-cache hits     (37.51%)

      15.837021617 seconds time elapsed

------------------------------

 Performance counter stats for 'taskset -c 0,1,2,3,4,5,6,7 snap run minebench.BIRCHLarge':

      15683.623813      task-clock (msec)         #    0.999 CPUs utilized          
               212      context-switches          #    0.014 K/sec                  
                36      cpu-migrations            #    0.002 K/sec                  
             9,098      page-faults               #    0.580 K/sec                  
    49,231,899,547      cycles                    #    3.139 GHz                      (50.02%)
   <not supported>      stalled-cycles-frontend  
   <not supported>      stalled-cycles-backend   
    89,736,196,571      instructions              #    1.82  insns per cycle          (62.51%)
    18,883,843,936      branches                  # 1204.049 M/sec                    (62.50%)
       137,772,828      branch-misses             #    0.73% of all branches          (62.51%)
    25,874,575,754      L1-dcache-loads           # 1649.783 M/sec                    (62.43%)
       337,040,247      L1-dcache-load-misses     #    1.30% of all L1-dcache hits    (25.01%)
         8,004,179      LLC-loads                 #    0.510 M/sec                    (25.04%)
         1,116,501      LLC-load-misses           #   13.95% of all LL-cache hits     (37.54%)

      15.702202146 seconds time elapsed

------------------------------

 Performance counter stats for 'taskset -c 0,1,2,3,4,5,6,7 snap run minebench.BIRCHLarge':

      15975.669219      task-clock (msec)         #    0.997 CPUs utilized          
               210      context-switches          #    0.013 K/sec                  
                37      cpu-migrations            #    0.002 K/sec                  
             8,576      page-faults               #    0.537 K/sec                  
    49,453,410,314      cycles                    #    3.096 GHz                      (50.02%)
   <not supported>      stalled-cycles-frontend  
   <not supported>      stalled-cycles-backend   
    89,796,715,956      instructions              #    1.82  insns per cycle          (62.52%)
    18,889,742,729      branches                  # 1182.407 M/sec                    (62.51%)
       138,024,828      branch-misses             #    0.73% of all branches          (62.49%)
    25,880,912,924      L1-dcache-loads           # 1620.021 M/sec                    (62.37%)
       375,937,715      L1-dcache-load-misses     #    1.45% of all L1-dcache hits    (25.01%)
         8,200,131      LLC-loads                 #    0.513 M/sec                    (25.05%)
         1,146,578      LLC-load-misses           #   13.98% of all LL-cache hits     (37.53%)

      16.024174474 seconds time elapsed

------------------------------

 Performance counter stats for 'taskset -c 0,1,2,3,4,5,6,7 snap run minebench.BIRCHLarge':

      16029.988898      task-clock (msec)         #    1.000 CPUs utilized          
               201      context-switches          #    0.013 K/sec                  
                36      cpu-migrations            #    0.002 K/sec                  
             9,078      page-faults               #    0.566 K/sec                  
    50,290,743,330      cycles                    #    3.137 GHz                      (49.99%)
   <not supported>      stalled-cycles-frontend  
   <not supported>      stalled-cycles-backend   
    89,804,017,431      instructions              #    1.79  insns per cycle          (62.49%)
    18,893,457,174      branches                  # 1178.632 M/sec                    (62.51%)
       151,265,085      branch-misses             #    0.80% of all branches          (62.53%)
    25,879,562,157      L1-dcache-loads           # 1614.447 M/sec                    (62.40%)
       308,963,712      L1-dcache-load-misses     #    1.19% of all L1-dcache hits    (25.01%)
         7,970,265      LLC-loads                 #    0.497 M/sec                    (25.01%)
         1,134,206      LLC-load-misses           #   14.23% of all LL-cache hits     (37.50%)

      16.035872213 seconds time elapsed

------------------------------

 Performance counter stats for 'taskset -c 0,1,2,3,4,5,6,7 snap run minebench.BIRCHLarge':

      15536.716853      task-clock (msec)         #    1.000 CPUs utilized          
               208      context-switches          #    0.013 K/sec                  
                35      cpu-migrations            #    0.002 K/sec                  
             9,119      page-faults               #    0.587 K/sec                  
    48,598,284,408      cycles                    #    3.128 GHz                      (50.03%)
   <not supported>      stalled-cycles-frontend  
   <not supported>      stalled-cycles-backend   
    89,748,505,880      instructions              #    1.85  insns per cycle          (62.52%)
    18,888,700,662      branches                  # 1215.746 M/sec                    (62.52%)
       130,663,298      branch-misses             #    0.69% of all branches          (62.54%)
    25,890,861,194      L1-dcache-loads           # 1666.431 M/sec                    (62.44%)
       519,446,506      L1-dcache-load-misses     #    2.01% of all L1-dcache hits    (24.99%)
        11,145,442      LLC-loads                 #    0.717 M/sec                    (25.00%)
         1,123,180      LLC-load-misses           #   10.08% of all LL-cache hits     (37.53%)

      15.536176497 seconds time elapsed

------------------------------

 Performance counter stats for 'taskset -c 0,1,2,3,4,5,6,7 snap run minebench.BIRCHLarge':

      16757.987624      task-clock (msec)         #    1.000 CPUs utilized          
               203      context-switches          #    0.012 K/sec                  
                35      cpu-migrations            #    0.002 K/sec                  
             9,088      page-faults               #    0.542 K/sec                  
    51,995,906,885      cycles                    #    3.103 GHz                      (49.97%)
   <not supported>      stalled-cycles-frontend  
   <not supported>      stalled-cycles-backend   
    87,854,022,835      instructions              #    1.69  insns per cycle          (62.48%)
    18,705,818,111      branches                  # 1116.233 M/sec                    (62.50%)
       108,810,817      branch-misses             #    0.58% of all branches          (62.54%)
    25,321,831,086      L1-dcache-loads           # 1511.031 M/sec                    (62.43%)
       325,063,948      L1-dcache-load-misses     #    1.28% of all L1-dcache hits    (25.00%)
        36,371,722      LLC-loads                 #    2.170 M/sec                    (24.98%)
           171,948      LLC-load-misses           #    0.47% of all LL-cache hits     (37.47%)

      16.757422531 seconds time elapsed


 Performance counter stats for 'taskset -c 0,1,2,3,4,5,6,7 snap run minebench.BIRCHLarge':

      16818.089396      task-clock (msec)         #    1.000 CPUs utilized          
               209      context-switches          #    0.012 K/sec                  
                34      cpu-migrations            #    0.002 K/sec                  
             9,090      page-faults               #    0.540 K/sec                  
    52,273,777,541      cycles                    #    3.108 GHz                      (49.97%)
   <not supported>      stalled-cycles-frontend  
   <not supported>      stalled-cycles-backend   
    89,691,790,048      instructions              #    1.72  insns per cycle          (62.47%)
    18,915,809,089      branches                  # 1124.730 M/sec                    (62.49%)
       110,708,777      branch-misses             #    0.59% of all branches          (62.53%)
    25,829,858,562      L1-dcache-loads           # 1535.838 M/sec                    (62.45%)
       585,727,020      L1-dcache-load-misses     #    2.27% of all L1-dcache hits    (25.01%)
        37,612,823      LLC-loads                 #    2.236 M/sec                    (25.00%)
         1,031,697      LLC-load-misses           #    2.74% of all LL-cache hits     (37.48%)

      16.817674163 seconds time elapsed

------------------------------

 Performance counter stats for 'taskset -c 0,1,2,3,4,5,6,7 snap run minebench.BIRCHLarge':

      16805.017692      task-clock (msec)         #    0.995 CPUs utilized          
               227      context-switches          #    0.014 K/sec                  
                35      cpu-migrations            #    0.002 K/sec                  
             9,094      page-faults               #    0.541 K/sec                  
    51,985,986,175      cycles                    #    3.093 GHz                      (50.01%)
   <not supported>      stalled-cycles-frontend  
   <not supported>      stalled-cycles-backend   
    88,175,272,537      instructions              #    1.70  insns per cycle          (62.51%)
    18,752,667,825      branches                  # 1115.897 M/sec                    (62.49%)
       112,998,629      branch-misses             #    0.60% of all branches          (62.49%)
    25,559,175,317      L1-dcache-loads           # 1520.925 M/sec                    (62.40%)
       328,597,411      L1-dcache-load-misses     #    1.29% of all L1-dcache hits    (25.03%)
        38,390,890      LLC-loads                 #    2.284 M/sec                    (25.03%)
           155,893      LLC-load-misses           #    0.41% of all LL-cache hits     (37.51%)

      16.897713092 seconds time elapsed


 Performance counter stats for 'taskset -c 0,1,2,3,4,5,6,7 snap run minebench.BIRCHLarge':

      16862.987578      task-clock (msec)         #    0.995 CPUs utilized          
               225      context-switches          #    0.013 K/sec                  
                35      cpu-migrations            #    0.002 K/sec                  
             9,100      page-faults               #    0.540 K/sec                  
    52,177,185,857      cycles                    #    3.094 GHz                      (49.97%)
   <not supported>      stalled-cycles-frontend  
   <not supported>      stalled-cycles-backend   
    89,280,895,783      instructions              #    1.71  insns per cycle          (62.48%)
    18,870,482,684      branches                  # 1119.047 M/sec                    (62.49%)
       109,465,312      branch-misses             #    0.58% of all branches          (62.55%)
    25,691,489,441      L1-dcache-loads           # 1523.543 M/sec                    (62.44%)
       480,606,496      L1-dcache-load-misses     #    1.87% of all L1-dcache hits    (25.00%)
        32,847,933      LLC-loads                 #    1.948 M/sec                    (24.99%)
           965,309      LLC-load-misses           #    2.94% of all LL-cache hits     (37.48%)

      16.953845057 seconds time elapsed

------------------------------

 Performance counter stats for 'taskset -c 0,1,2,3,4,5,6,7 snap run minebench.BIRCHLarge':

      16569.016595      task-clock (msec)         #    0.999 CPUs utilized          
               215      context-switches          #    0.013 K/sec                  
                33      cpu-migrations            #    0.002 K/sec                  
             8,586      page-faults               #    0.518 K/sec                  
    51,462,783,316      cycles                    #    3.106 GHz                      (49.99%)
   <not supported>      stalled-cycles-frontend  
   <not supported>      stalled-cycles-backend   
    86,854,205,217      instructions              #    1.69  insns per cycle          (62.49%)
    18,443,399,952      branches                  # 1113.126 M/sec                    (62.50%)
       117,866,585      branch-misses             #    0.64% of all branches          (62.54%)
    24,983,259,386      L1-dcache-loads           # 1507.830 M/sec                    (62.45%)
       351,954,154      L1-dcache-load-misses     #    1.41% of all L1-dcache hits    (25.02%)
        33,690,017      LLC-loads                 #    2.033 M/sec                    (25.01%)
            93,062      LLC-load-misses           #    0.28% of all LL-cache hits     (37.49%)

      16.590279997 seconds time elapsed


 Performance counter stats for 'taskset -c 0,1,2,3,4,5,6,7 snap run minebench.BIRCHLarge':

      16625.403364      task-clock (msec)         #    0.999 CPUs utilized          
               221      context-switches          #    0.013 K/sec                  
                37      cpu-migrations            #    0.002 K/sec                  
             9,096      page-faults               #    0.547 K/sec                  
    51,666,804,133      cycles                    #    3.108 GHz                      (50.04%)
   <not supported>      stalled-cycles-frontend  
   <not supported>      stalled-cycles-backend   
    89,890,498,876      instructions              #    1.74  insns per cycle          (62.53%)
    18,939,538,235      branches                  # 1139.193 M/sec                    (62.53%)
       109,399,739      branch-misses             #    0.58% of all branches          (62.52%)
    25,943,519,895      L1-dcache-loads           # 1560.475 M/sec                    (62.44%)
       430,438,002      L1-dcache-load-misses     #    1.66% of all L1-dcache hits    (24.99%)
        28,385,831      LLC-loads                 #    1.707 M/sec                    (25.05%)
         1,116,845      LLC-load-misses           #    3.93% of all LL-cache hits     (37.54%)

      16.646429811 seconds time elapsed

------------------------------

 Performance counter stats for 'taskset -c 0,1,2,3,4,5,6,7 snap run minebench.BIRCHLarge':

      16558.334375      task-clock (msec)         #    0.999 CPUs utilized          
               212      context-switches          #    0.013 K/sec                  
                36      cpu-migrations            #    0.002 K/sec                  
             8,408      page-faults               #    0.508 K/sec                  
    51,941,342,821      cycles                    #    3.137 GHz                      (50.02%)
   <not supported>      stalled-cycles-frontend  
   <not supported>      stalled-cycles-backend   
    89,441,642,159      instructions              #    1.72  insns per cycle          (62.52%)
    18,907,803,913      branches                  # 1141.890 M/sec                    (62.53%)
       106,796,717      branch-misses             #    0.56% of all branches          (62.53%)
    25,755,143,653      L1-dcache-loads           # 1555.419 M/sec                    (62.42%)
       314,992,442      L1-dcache-load-misses     #    1.22% of all L1-dcache hits    (24.99%)
        29,542,983      LLC-loads                 #    1.784 M/sec                    (25.02%)
         1,028,627      LLC-load-misses           #    3.48% of all LL-cache hits     (37.51%)

      16.568903478 seconds time elapsed


 Performance counter stats for 'taskset -c 0,1,2,3,4,5,6,7 snap run minebench.BIRCHLarge':

      16658.073728      task-clock (msec)         #    0.999 CPUs utilized          
               223      context-switches          #    0.013 K/sec                  
                35      cpu-migrations            #    0.002 K/sec                  
             8,587      page-faults               #    0.515 K/sec                  
    51,771,630,292      cycles                    #    3.108 GHz                      (50.00%)
   <not supported>      stalled-cycles-frontend  
   <not supported>      stalled-cycles-backend   
    88,188,790,473      instructions              #    1.70  insns per cycle          (62.50%)
    18,736,319,943      branches                  # 1124.759 M/sec                    (62.51%)
       108,800,389      branch-misses             #    0.58% of all branches          (62.54%)
    25,394,029,188      L1-dcache-loads           # 1524.428 M/sec                    (62.46%)
       338,427,932      L1-dcache-load-misses     #    1.33% of all L1-dcache hits    (24.99%)
        36,298,231      LLC-loads                 #    2.179 M/sec                    (24.99%)
           162,440      LLC-load-misses           #    0.45% of all LL-cache hits     (37.52%)

      16.674034263 seconds time elapsed

------------------------------

 Performance counter stats for 'taskset -c 0,1,2,3,4,5,6,7 snap run minebench.BIRCHLarge':

      16526.886876      task-clock (msec)         #    1.000 CPUs utilized          
               211      context-switches          #    0.013 K/sec                  
                35      cpu-migrations            #    0.002 K/sec                  
             8,627      page-faults               #    0.522 K/sec                  
    51,818,476,624      cycles                    #    3.135 GHz                      (50.03%)
   <not supported>      stalled-cycles-frontend  
   <not supported>      stalled-cycles-backend   
    88,070,424,787      instructions              #    1.70  insns per cycle          (62.53%)
    18,740,865,340      branches                  # 1133.962 M/sec                    (62.51%)
       108,173,319      branch-misses             #    0.58% of all branches          (62.51%)
    25,546,769,678      L1-dcache-loads           # 1545.770 M/sec                    (62.29%)
       315,127,143      L1-dcache-load-misses     #    1.23% of all L1-dcache hits    (25.02%)
        35,817,175      LLC-loads                 #    2.167 M/sec                    (25.03%)
           160,448      LLC-load-misses           #    0.45% of all LL-cache hits     (37.52%)

      16.526490620 seconds time elapsed


 Performance counter stats for 'taskset -c 0,1,2,3,4,5,6,7 snap run minebench.BIRCHLarge':

      16577.157791      task-clock (msec)         #    1.000 CPUs utilized          
               220      context-switches          #    0.013 K/sec                  
                34      cpu-migrations            #    0.002 K/sec                  
             9,498      page-faults               #    0.573 K/sec                  
    52,010,570,206      cycles                    #    3.137 GHz                      (49.98%)
   <not supported>      stalled-cycles-frontend  
   <not supported>      stalled-cycles-backend   
    89,126,660,353      instructions              #    1.71  insns per cycle          (62.50%)
    18,862,345,905      branches                  # 1137.852 M/sec                    (62.50%)
       108,991,018      branch-misses             #    0.58% of all branches          (62.50%)
    25,766,737,737      L1-dcache-loads           # 1554.352 M/sec                    (62.38%)
       353,560,553      L1-dcache-load-misses     #    1.37% of all L1-dcache hits    (25.01%)
        28,853,771      LLC-loads                 #    1.741 M/sec                    (25.01%)
           955,416      LLC-load-misses           #    3.31% of all LL-cache hits     (37.49%)

      16.576597965 seconds time elapsed

------------------------------

 Performance counter stats for 'taskset -c 0,1,2,3,4,5,6,7 snap run minebench.ECLATLarge':

         42.321754      task-clock (msec)         #    1.011 CPUs utilized          
               191      context-switches          #    0.005 M/sec                  
                35      cpu-migrations            #    0.827 K/sec                  
             4,311      page-faults               #    0.102 M/sec                  
        41,171,963      cycles                    #    0.973 GHz                      (53.69%)
   <not supported>      stalled-cycles-frontend  
   <not supported>      stalled-cycles-backend   
        51,393,559      instructions              #    1.25  insns per cycle          (69.20%)
        11,100,973      branches                  #  262.299 M/sec                    (69.86%)
           234,061      branch-misses             #    2.11% of all branches          (71.72%)
        15,449,693      L1-dcache-loads           #  365.053 M/sec                    (41.09%)
         1,318,252      L1-dcache-load-misses     #    8.53% of all L1-dcache hits    (22.30%)
           128,084      LLC-loads                 #    3.026 M/sec                    (35.74%)
            37,614      LLC-load-misses           #   29.37% of all LL-cache hits     (44.10%)

       0.041861433 seconds time elapsed

------------------------------

 Performance counter stats for 'taskset -c 0,1,2,3,4,5,6,7 snap run minebench.ECLATLarge':

         43.041749      task-clock (msec)         #    1.010 CPUs utilized          
               195      context-switches          #    0.005 M/sec                  
                36      cpu-migrations            #    0.836 K/sec                  
             4,326      page-faults               #    0.101 M/sec                  
        42,468,918      cycles                    #    0.987 GHz                      (53.91%)
   <not supported>      stalled-cycles-frontend  
   <not supported>      stalled-cycles-backend   
        51,041,066      instructions              #    1.20  insns per cycle          (69.39%)
        10,945,977      branches                  #  254.311 M/sec                    (70.17%)
           230,419      branch-misses             #    2.11% of all branches          (72.06%)
        15,687,657      L1-dcache-loads           #  364.475 M/sec                    (41.53%)
         1,305,628      L1-dcache-load-misses     #    8.32% of all L1-dcache hits    (22.09%)
           138,830      LLC-loads                 #    3.225 M/sec                    (35.21%)
            41,517      LLC-load-misses           #   29.90% of all LL-cache hits     (43.54%)

       0.042621594 seconds time elapsed

------------------------------

 Performance counter stats for 'taskset -c 0,1,2,3,4,5,6,7 snap run minebench.ECLATLarge':

         43.484179      task-clock (msec)         #    1.027 CPUs utilized          
               185      context-switches          #    0.004 M/sec                  
                33      cpu-migrations            #    0.759 K/sec                  
             4,305      page-faults               #    0.099 M/sec                  
        49,846,329      cycles                    #    1.146 GHz                      (49.87%)
   <not supported>      stalled-cycles-frontend  
   <not supported>      stalled-cycles-backend   
        56,398,688      instructions              #    1.13  insns per cycle          (71.82%)
        10,398,931      branches                  #  239.143 M/sec                    (71.43%)
           186,172      branch-misses             #    1.79% of all branches          (72.40%)
        13,704,583      L1-dcache-loads           #  315.163 M/sec                    (30.83%)
           571,675      L1-dcache-load-misses     #    4.17% of all L1-dcache hits    (24.14%)
           214,865      LLC-loads                 #    4.941 M/sec                    (24.78%)
            65,918      LLC-load-misses           #   30.68% of all LL-cache hits     (35.38%)

       0.042341004 seconds time elapsed

------------------------------

 Performance counter stats for 'taskset -c 0,1,2,3,4,5,6,7 snap run minebench.ECLATLarge':

         44.158017      task-clock (msec)         #    1.010 CPUs utilized          
               205      context-switches          #    0.005 M/sec                  
                34      cpu-migrations            #    0.770 K/sec                  
             4,326      page-faults               #    0.098 M/sec                  
        41,829,782      cycles                    #    0.947 GHz                      (53.56%)
   <not supported>      stalled-cycles-frontend  
   <not supported>      stalled-cycles-backend   
        49,600,519      instructions              #    1.19  insns per cycle          (69.42%)
        10,607,859      branches                  #  240.225 M/sec                    (70.26%)
           228,805      branch-misses             #    2.16% of all branches          (72.94%)
        15,830,294      L1-dcache-loads           #  358.492 M/sec                    (44.10%)
         1,282,430      L1-dcache-load-misses     #    8.10% of all L1-dcache hits    (22.46%)
           140,727      LLC-loads                 #    3.187 M/sec                    (35.23%)
            42,587      LLC-load-misses           #   30.26% of all LL-cache hits     (43.58%)

       0.043737258 seconds time elapsed

------------------------------

 Performance counter stats for 'taskset -c 0,1,2,3,4,5,6,7 snap run minebench.ECLATLarge':

         42.212220      task-clock (msec)         #    1.028 CPUs utilized          
               186      context-switches          #    0.004 M/sec                  
                34      cpu-migrations            #    0.805 K/sec                  
             4,311      page-faults               #    0.102 M/sec                  
        47,117,888      cycles                    #    1.116 GHz                      (54.94%)
   <not supported>      stalled-cycles-frontend  
   <not supported>      stalled-cycles-backend   
        55,384,559      instructions              #    1.18  insns per cycle          (69.74%)
        10,404,580      branches                  #  246.483 M/sec                    (69.44%)
           204,768      branch-misses             #    1.97% of all branches          (71.36%)
        13,902,577      L1-dcache-loads           #  329.350 M/sec                    (35.66%)
           973,381      L1-dcache-load-misses     #    7.00% of all L1-dcache hits    (25.08%)
           161,222      LLC-loads                 #    3.819 M/sec                    (28.85%)
            62,767      LLC-load-misses           #   38.93% of all LL-cache hits     (38.03%)

       0.041069665 seconds time elapsed

------------------------------

 Performance counter stats for 'taskset -c 0,1,2,3,4,5,6,7 snap run minebench.ECLATLarge':

         42.881528      task-clock (msec)         #    1.034 CPUs utilized          
               181      context-switches          #    0.004 M/sec                  
                33      cpu-migrations            #    0.770 K/sec                  
             4,292      page-faults               #    0.100 M/sec                  
        46,546,772      cycles                    #    1.085 GHz                      (56.58%)
   <not supported>      stalled-cycles-frontend  
   <not supported>      stalled-cycles-backend   
        52,395,754      instructions              #    1.13  insns per cycle          (70.77%)
        11,394,858      branches                  #  265.729 M/sec                    (68.81%)
           220,417      branch-misses             #    1.93% of all branches          (71.93%)
        12,805,777      L1-dcache-loads           #  298.632 M/sec                    (39.25%)
         1,011,398      L1-dcache-load-misses     #    7.90% of all L1-dcache hits    (25.32%)
            96,002      LLC-loads                 #    2.239 M/sec                    (35.10%)
            37,189      LLC-load-misses           #   38.74% of all LL-cache hits     (43.21%)

       0.041477419 seconds time elapsed


 Performance counter stats for 'taskset -c 0,1,2,3,4,5,6,7 snap run minebench.ECLATLarge':

         42.362935      task-clock (msec)         #    1.007 CPUs utilized          
               188      context-switches          #    0.004 M/sec                  
                35      cpu-migrations            #    0.826 K/sec                  
             4,305      page-faults               #    0.102 M/sec                  
        49,885,851      cycles                    #    1.178 GHz                      (60.17%)
   <not supported>      stalled-cycles-frontend  
   <not supported>      stalled-cycles-backend   
        55,577,022      instructions              #    1.11  insns per cycle          (71.89%)
        10,701,973      branches                  #  252.626 M/sec                    (72.03%)
           213,954      branch-misses             #    2.00% of all branches          (72.02%)
        13,192,169      L1-dcache-loads           #  311.408 M/sec                    (37.93%)
           885,955      L1-dcache-load-misses     #    6.72% of all L1-dcache hits    (22.99%)
           135,165      LLC-loads                 #    3.191 M/sec                    (28.35%)
            53,412      LLC-load-misses           #   39.52% of all LL-cache hits     (38.25%)

       0.042070268 seconds time elapsed

------------------------------

 Performance counter stats for 'taskset -c 0,1,2,3,4,5,6,7 snap run minebench.ECLATLarge':

         42.738123      task-clock (msec)         #    1.028 CPUs utilized          
               182      context-switches          #    0.004 M/sec                  
                36      cpu-migrations            #    0.842 K/sec                  
             4,287      page-faults               #    0.100 M/sec                  
        33,396,575      cycles                    #    0.781 GHz                      (65.73%)
   <not supported>      stalled-cycles-frontend  
   <not supported>      stalled-cycles-backend   
        44,931,743      instructions              #    1.35  insns per cycle          (73.47%)
         9,069,531      branches                  #  212.212 M/sec                    (70.02%)
           183,799      branch-misses             #    2.03% of all branches          (72.46%)
        15,107,564      L1-dcache-loads           #  353.492 M/sec                    (39.89%)
           582,212      L1-dcache-load-misses     #    3.85% of all L1-dcache hits    (23.25%)
           100,991      LLC-loads                 #    2.363 M/sec                    (45.05%)
            39,174      LLC-load-misses           #   38.79% of all LL-cache hits     (59.08%)

       0.041571281 seconds time elapsed


 Performance counter stats for 'taskset -c 0,1,2,3,4,5,6,7 snap run minebench.ECLATLarge':

         42.223985      task-clock (msec)         #    1.011 CPUs utilized          
               186      context-switches          #    0.004 M/sec                  
                35      cpu-migrations            #    0.829 K/sec                  
             4,299      page-faults               #    0.102 M/sec                  
        45,243,140      cycles                    #    1.072 GHz                      (45.57%)
   <not supported>      stalled-cycles-frontend  
   <not supported>      stalled-cycles-backend   
        55,427,215      instructions              #    1.23  insns per cycle          (61.05%)
         9,640,474      branches                  #  228.317 M/sec                    (62.25%)
           202,981      branch-misses             #    2.11% of all branches          (71.87%)
        15,376,264      L1-dcache-loads           #  364.159 M/sec                    (43.78%)
           786,236      L1-dcache-load-misses     #    5.11% of all L1-dcache hits    (23.31%)
           171,671      LLC-loads                 #    4.066 M/sec                    (27.50%)
            61,830      LLC-load-misses           #   36.02% of all LL-cache hits     (37.24%)

       0.041765082 seconds time elapsed

------------------------------

 Performance counter stats for 'taskset -c 0,1,2,3,4,5,6,7 snap run minebench.ECLATLarge':

         43.023064      task-clock (msec)         #    1.014 CPUs utilized          
               189      context-switches          #    0.004 M/sec                  
                34      cpu-migrations            #    0.790 K/sec                  
             4,312      page-faults               #    0.100 M/sec                  
        39,683,098      cycles                    #    0.922 GHz                      (52.45%)
   <not supported>      stalled-cycles-frontend  
   <not supported>      stalled-cycles-backend   
        49,698,195      instructions              #    1.25  insns per cycle          (68.62%)
        10,712,979      branches                  #  249.005 M/sec                    (69.58%)
           233,611      branch-misses             #    2.18% of all branches          (72.01%)
        15,403,478      L1-dcache-loads           #  358.028 M/sec                    (45.12%)
         1,274,680      L1-dcache-load-misses     #    8.28% of all L1-dcache hits    (22.49%)
           132,181      LLC-loads                 #    3.072 M/sec                    (36.15%)
            39,057      LLC-load-misses           #   29.55% of all LL-cache hits     (44.53%)

       0.042422228 seconds time elapsed


 Performance counter stats for 'taskset -c 0,1,2,3,4,5,6,7 snap run minebench.ECLATLarge':

         43.128323      task-clock (msec)         #    1.005 CPUs utilized          
               192      context-switches          #    0.004 M/sec                  
                32      cpu-migrations            #    0.742 K/sec                  
             4,333      page-faults               #    0.100 M/sec                  
        44,749,523      cycles                    #    1.038 GHz                      (57.44%)
   <not supported>      stalled-cycles-frontend  
   <not supported>      stalled-cycles-backend   
        52,436,020      instructions              #    1.17  insns per cycle          (72.11%)
        11,135,048      branches                  #  258.184 M/sec                    (71.30%)
           218,530      branch-misses             #    1.96% of all branches          (72.69%)
        13,454,536      L1-dcache-loads           #  311.965 M/sec                    (38.07%)
           979,470      L1-dcache-load-misses     #    7.28% of all L1-dcache hits    (23.45%)
            99,738      LLC-loads                 #    2.313 M/sec                    (32.57%)
            30,404      LLC-load-misses           #   30.48% of all LL-cache hits     (40.95%)

       0.042897209 seconds time elapsed

------------------------------

 Performance counter stats for 'taskset -c 0,1,2,3,4,5,6,7 snap run minebench.ECLATLarge':

         40.028570      task-clock (msec)         #    1.011 CPUs utilized          
               182      context-switches          #    0.005 M/sec                  
                35      cpu-migrations            #    0.874 K/sec                  
             4,293      page-faults               #    0.107 M/sec                  
        45,468,477      cycles                    #    1.136 GHz                      (54.46%)
   <not supported>      stalled-cycles-frontend  
   <not supported>      stalled-cycles-backend   
        53,842,639      instructions              #    1.18  insns per cycle          (69.63%)
        10,676,507      branches                  #  266.722 M/sec                    (68.54%)
           223,531      branch-misses             #    2.09% of all branches          (70.40%)
        14,132,231      L1-dcache-loads           #  353.054 M/sec                    (37.73%)
         1,041,654      L1-dcache-load-misses     #    7.37% of all L1-dcache hits    (24.86%)
           126,909      LLC-loads                 #    3.170 M/sec                    (34.13%)
            47,640      LLC-load-misses           #   37.54% of all LL-cache hits     (42.76%)

       0.039585110 seconds time elapsed


 Performance counter stats for 'taskset -c 0,1,2,3,4,5,6,7 snap run minebench.ECLATLarge':

         43.215834      task-clock (msec)         #    1.028 CPUs utilized          
               183      context-switches          #    0.004 M/sec                  
                35      cpu-migrations            #    0.810 K/sec                  
             4,282      page-faults               #    0.099 M/sec                  
        44,522,330      cycles                    #    1.030 GHz                      (56.01%)
   <not supported>      stalled-cycles-frontend  
   <not supported>      stalled-cycles-backend   
        55,939,528      instructions              #    1.26  insns per cycle          (72.11%)
        11,005,895      branches                  #  254.673 M/sec                    (70.47%)
           226,526      branch-misses             #    2.06% of all branches          (72.23%)
        16,048,322      L1-dcache-loads           #  371.353 M/sec                    (33.23%)
         1,115,272      L1-dcache-load-misses     #    6.95% of all L1-dcache hits    (25.26%)
           128,660      LLC-loads                 #    2.977 M/sec                    (35.23%)
            37,391      LLC-load-misses           #   29.06% of all LL-cache hits     (43.58%)

       0.042034267 seconds time elapsed

------------------------------

 Performance counter stats for 'taskset -c 0,1,2,3,4,5,6,7 snap run minebench.ECLATLarge':

         42.483122      task-clock (msec)         #    1.012 CPUs utilized          
               179      context-switches          #    0.004 M/sec                  
                34      cpu-migrations            #    0.800 K/sec                  
             4,295      page-faults               #    0.101 M/sec                  
        42,478,370      cycles                    #    1.000 GHz                      (54.38%)
   <not supported>      stalled-cycles-frontend  
   <not supported>      stalled-cycles-backend   
        51,536,608      instructions              #    1.21  insns per cycle          (69.47%)
        11,157,363      branches                  #  262.630 M/sec                    (70.14%)
           231,414      branch-misses             #    2.07% of all branches          (71.74%)
        13,477,435      L1-dcache-loads           #  317.242 M/sec                    (41.81%)
         1,052,452      L1-dcache-load-misses     #    7.81% of all L1-dcache hits    (23.72%)
            99,703      LLC-loads                 #    2.347 M/sec                    (34.72%)
            29,419      LLC-load-misses           #   29.51% of all LL-cache hits     (43.04%)

       0.041994198 seconds time elapsed


 Performance counter stats for 'taskset -c 0,1,2,3,4,5,6,7 snap run minebench.ECLATLarge':

         42.852080      task-clock (msec)         #    1.029 CPUs utilized          
               180      context-switches          #    0.004 M/sec                  
                36      cpu-migrations            #    0.840 K/sec                  
             4,296      page-faults               #    0.100 M/sec                  
        45,550,771      cycles                    #    1.063 GHz                      (57.27%)
   <not supported>      stalled-cycles-frontend  
   <not supported>      stalled-cycles-backend   
        53,190,713      instructions              #    1.17  insns per cycle          (71.89%)
        10,439,340      branches                  #  243.613 M/sec                    (72.13%)
           208,267      branch-misses             #    2.00% of all branches          (72.34%)
        13,718,750      L1-dcache-loads           #  320.142 M/sec                    (35.56%)
           736,485      L1-dcache-load-misses     #    5.37% of all L1-dcache hits    (23.40%)
           147,916      LLC-loads                 #    3.452 M/sec                    (28.13%)
            59,099      LLC-load-misses           #   39.95% of all LL-cache hits     (38.13%)

       0.041655555 seconds time elapsed

