------------------------------

 Performance counter stats for 'taskset -c 0,1,2,3,4,5,6,7 snap run minebench.ECLATMedium':

         42.839943      task-clock (msec)         #    1.010 CPUs utilized          
               189      context-switches          #    0.004 M/sec                  
                32      cpu-migrations            #    0.747 K/sec                  
             4,328      page-faults               #    0.101 M/sec                  
        49,157,780      cycles                    #    1.147 GHz                      (50.89%)
   <not supported>      stalled-cycles-frontend  
   <not supported>      stalled-cycles-backend   
        55,173,099      instructions              #    1.12  insns per cycle          (72.38%)
        10,030,838      branches                  #  234.147 M/sec                    (72.62%)
           186,942      branch-misses             #    1.86% of all branches          (73.02%)
        14,353,325      L1-dcache-loads           #  335.045 M/sec                    (28.78%)
           523,715      L1-dcache-load-misses     #    3.65% of all L1-dcache hits    (21.14%)
           241,875      LLC-loads                 #    5.646 M/sec                    (24.85%)
            66,088      LLC-load-misses           #   27.32% of all LL-cache hits     (35.10%)

       0.042398556 seconds time elapsed

------------------------------

 Performance counter stats for 'taskset -c 0,1,2,3,4,5,6,7 snap run minebench.ECLATMedium':

         43.535419      task-clock (msec)         #    1.011 CPUs utilized          
               195      context-switches          #    0.004 M/sec                  
                36      cpu-migrations            #    0.827 K/sec                  
             4,317      page-faults               #    0.099 M/sec                  
        41,933,285      cycles                    #    0.963 GHz                      (55.36%)
   <not supported>      stalled-cycles-frontend  
   <not supported>      stalled-cycles-backend   
        50,626,688      instructions              #    1.21  insns per cycle          (69.91%)
        10,856,086      branches                  #  249.362 M/sec                    (70.41%)
           229,022      branch-misses             #    2.11% of all branches          (72.36%)
        15,037,710      L1-dcache-loads           #  345.413 M/sec                    (40.75%)
         1,264,488      L1-dcache-load-misses     #    8.41% of all L1-dcache hits    (21.94%)
           117,988      LLC-loads                 #    2.710 M/sec                    (34.63%)
            35,503      LLC-load-misses           #   30.09% of all LL-cache hits     (42.87%)

       0.043057953 seconds time elapsed

------------------------------

 Performance counter stats for 'taskset -c 0,1,2,3,4,5,6,7 snap run minebench.ECLATMedium':

         44.196464      task-clock (msec)         #    1.029 CPUs utilized          
               187      context-switches          #    0.004 M/sec                  
                35      cpu-migrations            #    0.792 K/sec                  
             4,308      page-faults               #    0.097 M/sec                  
        38,030,493      cycles                    #    0.860 GHz                      (52.61%)
   <not supported>      stalled-cycles-frontend  
   <not supported>      stalled-cycles-backend   
        52,324,048      instructions              #    1.38  insns per cycle          (72.43%)
        11,016,096      branches                  #  249.253 M/sec                    (71.01%)
           232,914      branch-misses             #    2.11% of all branches          (72.73%)
        15,187,066      L1-dcache-loads           #  343.626 M/sec                    (44.43%)
         1,224,060      L1-dcache-load-misses     #    8.06% of all L1-dcache hits    (23.59%)
           142,077      LLC-loads                 #    3.215 M/sec                    (37.03%)
            40,593      LLC-load-misses           #   28.57% of all LL-cache hits     (45.39%)

       0.042936806 seconds time elapsed

------------------------------

 Performance counter stats for 'taskset -c 0,1,2,3,4,5,6,7 snap run minebench.ECLATMedium':

         44.085180      task-clock (msec)         #    1.015 CPUs utilized          
               186      context-switches          #    0.004 M/sec                  
                35      cpu-migrations            #    0.794 K/sec                  
             4,300      page-faults               #    0.098 M/sec                  
        40,357,570      cycles                    #    0.915 GHz                      (55.69%)
   <not supported>      stalled-cycles-frontend  
   <not supported>      stalled-cycles-backend   
        49,863,004      instructions              #    1.24  insns per cycle          (71.29%)
        10,968,538      branches                  #  248.803 M/sec                    (70.42%)
           229,403      branch-misses             #    2.09% of all branches          (72.66%)
        15,633,797      L1-dcache-loads           #  354.627 M/sec                    (42.22%)
         1,236,139      L1-dcache-load-misses     #    7.91% of all L1-dcache hits    (22.31%)
           129,242      LLC-loads                 #    2.932 M/sec                    (35.69%)
            39,997      LLC-load-misses           #   30.95% of all LL-cache hits     (43.97%)

       0.043434243 seconds time elapsed

------------------------------

 Performance counter stats for 'taskset -c 0,1,2,3,4,5,6,7 snap run minebench.ECLATMedium':

         43.581929      task-clock (msec)         #    1.012 CPUs utilized          
               191      context-switches          #    0.004 M/sec                  
                35      cpu-migrations            #    0.803 K/sec                  
             4,315      page-faults               #    0.099 M/sec                  
        39,854,214      cycles                    #    0.914 GHz                      (52.58%)
   <not supported>      stalled-cycles-frontend  
   <not supported>      stalled-cycles-backend   
        49,008,799      instructions              #    1.23  insns per cycle          (68.82%)
        10,607,172      branches                  #  243.385 M/sec                    (69.23%)
           229,790      branch-misses             #    2.17% of all branches          (72.64%)
        15,229,593      L1-dcache-loads           #  349.447 M/sec                    (48.61%)
         1,305,620      L1-dcache-load-misses     #    8.57% of all L1-dcache hits    (22.50%)
           177,973      LLC-loads                 #    4.084 M/sec                    (36.94%)
            51,392      LLC-load-misses           #   28.88% of all LL-cache hits     (45.29%)

       0.043075723 seconds time elapsed

------------------------------

 Performance counter stats for 'taskset -c 0,1,2,3,4,5,6,7 snap run minebench.ECLATMedium':

         42.653050      task-clock (msec)         #    1.013 CPUs utilized          
               188      context-switches          #    0.004 M/sec                  
                35      cpu-migrations            #    0.821 K/sec                  
             4,305      page-faults               #    0.101 M/sec                  
        39,930,210      cycles                    #    0.936 GHz                      (52.71%)
   <not supported>      stalled-cycles-frontend  
   <not supported>      stalled-cycles-backend   
        50,194,485      instructions              #    1.26  insns per cycle          (68.84%)
        10,870,782      branches                  #  254.865 M/sec                    (69.64%)
           230,897      branch-misses             #    2.12% of all branches          (71.85%)
        15,329,192      L1-dcache-loads           #  359.393 M/sec                    (43.90%)
         1,275,445      L1-dcache-load-misses     #    8.32% of all L1-dcache hits    (22.42%)
           127,688      LLC-loads                 #    2.994 M/sec                    (36.21%)
            37,808      LLC-load-misses           #   29.61% of all LL-cache hits     (44.60%)

       0.042126278 seconds time elapsed


 Performance counter stats for 'taskset -c 0,1,2,3,4,5,6,7 snap run minebench.ECLATMedium':

         45.746695      task-clock (msec)         #    1.012 CPUs utilized          
               196      context-switches          #    0.004 M/sec                  
                34      cpu-migrations            #    0.743 K/sec                  
             4,311      page-faults               #    0.094 M/sec                  
        41,698,068      cycles                    #    0.911 GHz                      (57.15%)
   <not supported>      stalled-cycles-frontend  
   <not supported>      stalled-cycles-backend   
        49,725,025      instructions              #    1.19  insns per cycle          (72.15%)
        10,970,559      branches                  #  239.811 M/sec                    (71.30%)
           232,885      branch-misses             #    2.12% of all branches          (73.68%)
        15,224,269      L1-dcache-loads           #  332.795 M/sec                    (41.64%)
         1,202,136      L1-dcache-load-misses     #    7.90% of all L1-dcache hits    (21.95%)
           113,421      LLC-loads                 #    2.479 M/sec                    (33.99%)
            33,827      LLC-load-misses           #   29.82% of all LL-cache hits     (42.19%)

       0.045185587 seconds time elapsed

------------------------------

 Performance counter stats for 'taskset -c 0,1,2,3,4,5,6,7 snap run minebench.ECLATMedium':

         41.007897      task-clock (msec)         #    1.014 CPUs utilized          
               188      context-switches          #    0.005 M/sec                  
                35      cpu-migrations            #    0.853 K/sec                  
             4,311      page-faults               #    0.105 M/sec                  
        42,806,764      cycles                    #    1.044 GHz                      (53.34%)
   <not supported>      stalled-cycles-frontend  
   <not supported>      stalled-cycles-backend   
        51,608,964      instructions              #    1.21  insns per cycle          (68.68%)
        10,840,391      branches                  #  264.349 M/sec                    (68.75%)
           228,995      branch-misses             #    2.11% of all branches          (70.69%)
        14,462,719      L1-dcache-loads           #  352.681 M/sec                    (43.97%)
         1,295,627      L1-dcache-load-misses     #    8.96% of all L1-dcache hits    (24.27%)
           153,543      LLC-loads                 #    3.744 M/sec                    (36.44%)
            46,745      LLC-load-misses           #   30.44% of all LL-cache hits     (44.86%)

       0.040435195 seconds time elapsed


 Performance counter stats for 'taskset -c 0,1,2,3,4,5,6,7 snap run minebench.ECLATMedium':

         43.959489      task-clock (msec)         #    1.030 CPUs utilized          
               182      context-switches          #    0.004 M/sec                  
                35      cpu-migrations            #    0.796 K/sec                  
             4,316      page-faults               #    0.098 M/sec                  
        53,076,803      cycles                    #    1.207 GHz                      (63.84%)
   <not supported>      stalled-cycles-frontend  
   <not supported>      stalled-cycles-backend   
        55,133,280      instructions              #    1.04  insns per cycle          (73.21%)
        11,182,471      branches                  #  254.381 M/sec                    (69.32%)
           203,571      branch-misses             #    1.82% of all branches          (63.36%)
        14,181,861      L1-dcache-loads           #  322.612 M/sec                    (30.15%)
         1,088,045      L1-dcache-load-misses     #    7.67% of all L1-dcache hits    (25.03%)
           150,588      LLC-loads                 #    3.426 M/sec                    (42.86%)
            53,075      LLC-load-misses           #   35.25% of all LL-cache hits     (50.13%)

       0.042680305 seconds time elapsed

------------------------------

 Performance counter stats for 'taskset -c 0,1,2,3,4,5,6,7 snap run minebench.ECLATMedium':

         42.243107      task-clock (msec)         #    1.026 CPUs utilized          
               184      context-switches          #    0.004 M/sec                  
                35      cpu-migrations            #    0.829 K/sec                  
             4,296      page-faults               #    0.102 M/sec                  
        48,226,069      cycles                    #    1.142 GHz                      (56.38%)
   <not supported>      stalled-cycles-frontend  
   <not supported>      stalled-cycles-backend   
        55,318,241      instructions              #    1.15  insns per cycle          (71.36%)
        10,739,370      branches                  #  254.228 M/sec                    (71.92%)
           210,259      branch-misses             #    1.96% of all branches          (71.92%)
        13,762,348      L1-dcache-loads           #  325.789 M/sec                    (34.68%)
           832,317      L1-dcache-load-misses     #    6.05% of all L1-dcache hits    (23.38%)
           150,537      LLC-loads                 #    3.564 M/sec                    (28.25%)
            64,654      LLC-load-misses           #   42.95% of all LL-cache hits     (38.02%)

       0.041176739 seconds time elapsed


 Performance counter stats for 'taskset -c 0,1,2,3,4,5,6,7 snap run minebench.ECLATMedium':

         43.185573      task-clock (msec)         #    1.011 CPUs utilized          
               187      context-switches          #    0.004 M/sec                  
                35      cpu-migrations            #    0.810 K/sec                  
             4,326      page-faults               #    0.100 M/sec                  
        42,191,501      cycles                    #    0.977 GHz                      (53.31%)
   <not supported>      stalled-cycles-frontend  
   <not supported>      stalled-cycles-backend   
        50,889,100      instructions              #    1.21  insns per cycle          (69.21%)
        11,046,167      branches                  #  255.784 M/sec                    (69.90%)
           231,087      branch-misses             #    2.09% of all branches          (72.17%)
        15,386,271      L1-dcache-loads           #  356.283 M/sec                    (43.49%)
         1,301,590      L1-dcache-load-misses     #    8.46% of all L1-dcache hits    (22.27%)
           152,534      LLC-loads                 #    3.532 M/sec                    (35.61%)
            47,413      LLC-load-misses           #   31.08% of all LL-cache hits     (43.92%)

       0.042712171 seconds time elapsed

------------------------------

 Performance counter stats for 'taskset -c 0,1,2,3,4,5,6,7 snap run minebench.ECLATMedium':

         40.673231      task-clock (msec)         #    1.008 CPUs utilized          
               185      context-switches          #    0.005 M/sec                  
                34      cpu-migrations            #    0.836 K/sec                  
             4,299      page-faults               #    0.106 M/sec                  
        45,377,471      cycles                    #    1.116 GHz                      (55.94%)
   <not supported>      stalled-cycles-frontend  
   <not supported>      stalled-cycles-backend   
        53,499,278      instructions              #    1.18  insns per cycle          (70.69%)
         9,995,629      branches                  #  245.754 M/sec                    (70.60%)
           194,221      branch-misses             #    1.94% of all branches          (70.92%)
        13,655,960      L1-dcache-loads           #  335.748 M/sec                    (35.78%)
           709,393      L1-dcache-load-misses     #    5.19% of all L1-dcache hits    (23.88%)
           170,666      LLC-loads                 #    4.196 M/sec                    (28.13%)
            60,234      LLC-load-misses           #   35.29% of all LL-cache hits     (39.36%)

       0.040336863 seconds time elapsed


 Performance counter stats for 'taskset -c 0,1,2,3,4,5,6,7 snap run minebench.ECLATMedium':

         44.132120      task-clock (msec)         #    1.028 CPUs utilized          
               188      context-switches          #    0.004 M/sec                  
                35      cpu-migrations            #    0.793 K/sec                  
             4,309      page-faults               #    0.098 M/sec                  
        43,234,343      cycles                    #    0.980 GHz                      (54.73%)
   <not supported>      stalled-cycles-frontend  
   <not supported>      stalled-cycles-backend   
        54,827,104      instructions              #    1.27  insns per cycle          (72.96%)
        11,145,234      branches                  #  252.542 M/sec                    (70.52%)
           233,380      branch-misses             #    2.09% of all branches          (70.93%)
        15,570,574      L1-dcache-loads           #  352.817 M/sec                    (41.47%)
         1,340,699      L1-dcache-load-misses     #    8.61% of all L1-dcache hits    (23.98%)
           134,394      LLC-loads                 #    3.045 M/sec                    (37.24%)
            44,160      LLC-load-misses           #   32.86% of all LL-cache hits     (45.11%)

       0.042922249 seconds time elapsed

------------------------------

 Performance counter stats for 'taskset -c 0,1,2,3,4,5,6,7 snap run minebench.ECLATMedium':

         45.504595      task-clock (msec)         #    1.024 CPUs utilized          
               184      context-switches          #    0.004 M/sec                  
                37      cpu-migrations            #    0.813 K/sec                  
             4,312      page-faults               #    0.095 M/sec                  
        52,556,050      cycles                    #    1.155 GHz                      (55.79%)
   <not supported>      stalled-cycles-frontend  
   <not supported>      stalled-cycles-backend   
        57,012,001      instructions              #    1.08  insns per cycle          (73.21%)
        10,282,988      branches                  #  225.977 M/sec                    (73.28%)
           187,394      branch-misses             #    1.82% of all branches          (63.27%)
        12,577,804      L1-dcache-loads           #  276.407 M/sec                    (24.60%)
           580,353      L1-dcache-load-misses     #    4.61% of all L1-dcache hits    (23.63%)
           257,857      LLC-loads                 #    5.667 M/sec                    (34.30%)
            64,771      LLC-load-misses           #   25.12% of all LL-cache hits     (42.07%)

       0.044456221 seconds time elapsed


 Performance counter stats for 'taskset -c 0,1,2,3,4,5,6,7 snap run minebench.ECLATMedium':

         43.236582      task-clock (msec)         #    1.011 CPUs utilized          
               186      context-switches          #    0.004 M/sec                  
                35      cpu-migrations            #    0.809 K/sec                  
             4,313      page-faults               #    0.100 M/sec                  
        47,463,869      cycles                    #    1.098 GHz                      (46.88%)
   <not supported>      stalled-cycles-frontend  
   <not supported>      stalled-cycles-backend   
        55,794,417      instructions              #    1.18  insns per cycle          (62.01%)
         9,671,084      branches                  #  223.678 M/sec                    (63.28%)
           202,482      branch-misses             #    2.09% of all branches          (72.59%)
        15,374,118      L1-dcache-loads           #  355.581 M/sec                    (43.34%)
           746,422      L1-dcache-load-misses     #    4.86% of all L1-dcache hits    (22.76%)
           164,593      LLC-loads                 #    3.807 M/sec                    (26.71%)
            69,263      LLC-load-misses           #   42.08% of all LL-cache hits     (36.35%)

       0.042767321 seconds time elapsed

------------------------------

 Performance counter stats for 'taskset -c 0,1,2,3,4,5,6,7 snap run minebench.BIRCHMedium':

       2741.633656      task-clock (msec)         #    1.000 CPUs utilized          
               190      context-switches          #    0.069 K/sec                  
                36      cpu-migrations            #    0.013 K/sec                  
             5,753      page-faults               #    0.002 M/sec                  
     7,946,450,354      cycles                    #    2.898 GHz                      (49.91%)
   <not supported>      stalled-cycles-frontend  
   <not supported>      stalled-cycles-backend   
    14,557,799,696      instructions              #    1.83  insns per cycle          (62.39%)
     3,031,950,388      branches                  # 1105.892 M/sec                    (62.43%)
        23,937,120      branch-misses             #    0.79% of all branches          (62.71%)
     4,287,684,304      L1-dcache-loads           # 1563.916 M/sec                    (62.25%)
        80,940,332      L1-dcache-load-misses     #    1.89% of all L1-dcache hits    (25.09%)
         4,785,225      LLC-loads                 #    1.745 M/sec                    (25.06%)
           215,266      LLC-load-misses           #    4.50% of all LL-cache hits     (37.46%)

       2.740411538 seconds time elapsed

------------------------------

 Performance counter stats for 'taskset -c 0,1,2,3,4,5,6,7 snap run minebench.BIRCHMedium':

       2749.096007      task-clock (msec)         #    1.000 CPUs utilized          
               186      context-switches          #    0.068 K/sec                  
                37      cpu-migrations            #    0.013 K/sec                  
             5,737      page-faults               #    0.002 M/sec                  
     8,021,819,391      cycles                    #    2.918 GHz                      (50.00%)
   <not supported>      stalled-cycles-frontend  
   <not supported>      stalled-cycles-backend   
    14,638,695,301      instructions              #    1.82  insns per cycle          (62.47%)
     3,042,235,395      branches                  # 1106.631 M/sec                    (62.43%)
        23,937,675      branch-misses             #    0.79% of all branches          (62.46%)
     4,258,778,398      L1-dcache-loads           # 1549.156 M/sec                    (62.02%)
        53,731,845      L1-dcache-load-misses     #    1.26% of all L1-dcache hits    (25.15%)
         2,727,433      LLC-loads                 #    0.992 M/sec                    (25.20%)
           202,471      LLC-load-misses           #    7.42% of all LL-cache hits     (37.65%)

       2.748514122 seconds time elapsed

------------------------------

 Performance counter stats for 'taskset -c 0,1,2,3,4,5,6,7 snap run minebench.BIRCHMedium':

       2711.216594      task-clock (msec)         #    1.000 CPUs utilized          
               189      context-switches          #    0.070 K/sec                  
                36      cpu-migrations            #    0.013 K/sec                  
             5,758      page-faults               #    0.002 M/sec                  
     7,831,400,715      cycles                    #    2.889 GHz                      (50.16%)
   <not supported>      stalled-cycles-frontend  
   <not supported>      stalled-cycles-backend   
    14,569,669,902      instructions              #    1.86  insns per cycle          (62.69%)
     3,033,597,994      branches                  # 1118.907 M/sec                    (62.74%)
        23,728,634      branch-misses             #    0.78% of all branches          (62.80%)
     4,297,150,537      L1-dcache-loads           # 1584.953 M/sec                    (61.32%)
        49,943,766      L1-dcache-load-misses     #    1.16% of all L1-dcache hits    (24.98%)
         2,735,106      LLC-loads                 #    1.009 M/sec                    (24.86%)
           231,660      LLC-load-misses           #    8.47% of all LL-cache hits     (37.61%)

       2.710788071 seconds time elapsed

------------------------------

 Performance counter stats for 'taskset -c 0,1,2,3,4,5,6,7 snap run minebench.BIRCHMedium':

       2707.440363      task-clock (msec)         #    1.000 CPUs utilized          
               188      context-switches          #    0.069 K/sec                  
                36      cpu-migrations            #    0.013 K/sec                  
             5,751      page-faults               #    0.002 M/sec                  
     7,850,476,846      cycles                    #    2.900 GHz                      (49.82%)
   <not supported>      stalled-cycles-frontend  
   <not supported>      stalled-cycles-backend   
    14,589,230,628      instructions              #    1.86  insns per cycle          (62.33%)
     3,035,397,236      branches                  # 1121.132 M/sec                    (62.42%)
        22,077,937      branch-misses             #    0.73% of all branches          (62.69%)
     4,288,452,102      L1-dcache-loads           # 1583.951 M/sec                    (62.19%)
        40,528,740      L1-dcache-load-misses     #    0.95% of all L1-dcache hits    (25.09%)
         2,806,949      LLC-loads                 #    1.037 M/sec                    (25.03%)
           204,663      LLC-load-misses           #    7.29% of all LL-cache hits     (37.44%)

       2.706902527 seconds time elapsed

------------------------------

 Performance counter stats for 'taskset -c 0,1,2,3,4,5,6,7 snap run minebench.BIRCHMedium':

       2744.040919      task-clock (msec)         #    1.000 CPUs utilized          
               190      context-switches          #    0.069 K/sec                  
                34      cpu-migrations            #    0.012 K/sec                  
             6,278      page-faults               #    0.002 M/sec                  
     7,946,920,262      cycles                    #    2.896 GHz                      (49.87%)
   <not supported>      stalled-cycles-frontend  
   <not supported>      stalled-cycles-backend   
    14,551,074,316      instructions              #    1.83  insns per cycle          (62.40%)
     3,034,263,516      branches                  # 1105.765 M/sec                    (62.50%)
        22,715,199      branch-misses             #    0.75% of all branches          (62.77%)
     4,301,184,832      L1-dcache-loads           # 1567.464 M/sec                    (62.07%)
        82,735,489      L1-dcache-load-misses     #    1.92% of all L1-dcache hits    (25.01%)
         3,921,488      LLC-loads                 #    1.429 M/sec                    (24.95%)
           224,375      LLC-load-misses           #    5.72% of all LL-cache hits     (37.34%)

       2.743519598 seconds time elapsed

------------------------------

 Performance counter stats for 'taskset -c 0,1,2,3,4,5,6,7 snap run minebench.BIRCHMedium':

       2851.846589      task-clock (msec)         #    1.000 CPUs utilized          
               189      context-switches          #    0.066 K/sec                  
                33      cpu-migrations            #    0.012 K/sec                  
             5,750      page-faults               #    0.002 M/sec                  
     8,260,055,336      cycles                    #    2.896 GHz                      (50.06%)
   <not supported>      stalled-cycles-frontend  
   <not supported>      stalled-cycles-backend   
    14,352,171,314      instructions              #    1.74  insns per cycle          (62.56%)
     3,010,941,854      branches                  # 1055.787 M/sec                    (62.55%)
        21,002,706      branch-misses             #    0.70% of all branches          (62.56%)
     4,230,592,135      L1-dcache-loads           # 1483.457 M/sec                    (61.85%)
        52,332,997      L1-dcache-load-misses     #    1.24% of all L1-dcache hits    (25.01%)
         6,496,047      LLC-loads                 #    2.278 M/sec                    (25.10%)
            71,536      LLC-load-misses           #    1.10% of all LL-cache hits     (37.58%)

       2.851409221 seconds time elapsed


 Performance counter stats for 'taskset -c 0,1,2,3,4,5,6,7 snap run minebench.BIRCHMedium':

       2904.428590      task-clock (msec)         #    1.000 CPUs utilized          
               196      context-switches          #    0.067 K/sec                  
                36      cpu-migrations            #    0.012 K/sec                  
             5,764      page-faults               #    0.002 M/sec                  
     8,366,786,816      cycles                    #    2.881 GHz                      (49.90%)
   <not supported>      stalled-cycles-frontend  
   <not supported>      stalled-cycles-backend   
    14,492,295,756      instructions              #    1.73  insns per cycle          (62.41%)
     3,027,220,729      branches                  # 1042.278 M/sec                    (62.57%)
        20,363,899      branch-misses             #    0.67% of all branches          (62.65%)
     4,289,787,496      L1-dcache-loads           # 1476.982 M/sec                    (62.07%)
        51,971,882      L1-dcache-load-misses     #    1.21% of all L1-dcache hits    (25.06%)
         5,615,698      LLC-loads                 #    1.933 M/sec                    (24.90%)
           195,779      LLC-load-misses           #    3.49% of all LL-cache hits     (37.52%)

       2.903889949 seconds time elapsed

------------------------------

 Performance counter stats for 'taskset -c 0,1,2,3,4,5,6,7 snap run minebench.BIRCHMedium':

       2705.435681      task-clock (msec)         #    0.995 CPUs utilized          
               185      context-switches          #    0.068 K/sec                  
                35      cpu-migrations            #    0.013 K/sec                  
             5,739      page-faults               #    0.002 M/sec                  
     8,212,239,821      cycles                    #    3.035 GHz                      (50.11%)
   <not supported>      stalled-cycles-frontend  
   <not supported>      stalled-cycles-backend   
    14,538,797,001      instructions              #    1.77  insns per cycle          (62.64%)
     3,019,670,172      branches                  # 1116.149 M/sec                    (62.69%)
        21,702,728      branch-misses             #    0.72% of all branches          (62.75%)
     4,294,451,690      L1-dcache-loads           # 1587.342 M/sec                    (61.99%)
        55,364,619      L1-dcache-load-misses     #    1.29% of all L1-dcache hits    (24.91%)
         4,711,154      LLC-loads                 #    1.741 M/sec                    (25.11%)
           193,110      LLC-load-misses           #    4.10% of all LL-cache hits     (37.58%)

       2.718567974 seconds time elapsed


 Performance counter stats for 'taskset -c 0,1,2,3,4,5,6,7 snap run minebench.BIRCHMedium':

       2827.984590      task-clock (msec)         #    1.000 CPUs utilized          
               187      context-switches          #    0.066 K/sec                  
                37      cpu-migrations            #    0.013 K/sec                  
             6,243      page-faults               #    0.002 M/sec                  
     8,133,310,794      cycles                    #    2.876 GHz                      (50.08%)
   <not supported>      stalled-cycles-frontend  
   <not supported>      stalled-cycles-backend   
    14,220,977,862      instructions              #    1.75  insns per cycle          (62.63%)
     2,995,379,579      branches                  # 1059.192 M/sec                    (62.66%)
        21,071,691      branch-misses             #    0.70% of all branches          (62.67%)
     4,208,645,611      L1-dcache-loads           # 1488.214 M/sec                    (61.95%)
        88,118,083      L1-dcache-load-misses     #    2.09% of all L1-dcache hits    (24.96%)
         7,820,183      LLC-loads                 #    2.765 M/sec                    (25.10%)
            97,034      LLC-load-misses           #    1.24% of all LL-cache hits     (37.57%)

       2.827649835 seconds time elapsed

------------------------------

 Performance counter stats for 'taskset -c 0,1,2,3,4,5,6,7 snap run minebench.BIRCHMedium':

       2814.306273      task-clock (msec)         #    1.000 CPUs utilized          
               184      context-switches          #    0.065 K/sec                  
                34      cpu-migrations            #    0.012 K/sec                  
             5,741      page-faults               #    0.002 M/sec                  
     8,156,994,779      cycles                    #    2.898 GHz                      (50.03%)
   <not supported>      stalled-cycles-frontend  
   <not supported>      stalled-cycles-backend   
    14,240,851,395      instructions              #    1.75  insns per cycle          (62.49%)
     2,981,070,109      branches                  # 1059.256 M/sec                    (62.43%)
        22,429,835      branch-misses             #    0.75% of all branches          (62.47%)
     4,145,264,915      L1-dcache-loads           # 1472.926 M/sec                    (62.04%)
        44,226,695      L1-dcache-load-misses     #    1.07% of all L1-dcache hits    (25.16%)
         5,132,650      LLC-loads                 #    1.824 M/sec                    (25.21%)
            77,780      LLC-load-misses           #    1.52% of all LL-cache hits     (37.67%)

       2.813172116 seconds time elapsed


 Performance counter stats for 'taskset -c 0,1,2,3,4,5,6,7 snap run minebench.BIRCHMedium':

       2673.902388      task-clock (msec)         #    1.000 CPUs utilized          
               189      context-switches          #    0.071 K/sec                  
                36      cpu-migrations            #    0.013 K/sec                  
             5,749      page-faults               #    0.002 M/sec                  
     8,107,119,924      cycles                    #    3.032 GHz                      (50.09%)
   <not supported>      stalled-cycles-frontend  
   <not supported>      stalled-cycles-backend   
    14,504,750,168      instructions              #    1.79  insns per cycle          (62.62%)
     3,020,489,657      branches                  # 1129.619 M/sec                    (62.68%)
        21,404,602      branch-misses             #    0.71% of all branches          (62.74%)
     4,302,015,518      L1-dcache-loads           # 1608.890 M/sec                    (62.02%)
        50,417,848      L1-dcache-load-misses     #    1.17% of all L1-dcache hits    (24.92%)
         4,387,101      LLC-loads                 #    1.641 M/sec                    (24.93%)
           202,971      LLC-load-misses           #    4.63% of all LL-cache hits     (37.59%)

       2.673399970 seconds time elapsed

------------------------------

 Performance counter stats for 'taskset -c 0,1,2,3,4,5,6,7 snap run minebench.BIRCHMedium':

       2785.832315      task-clock (msec)         #    1.000 CPUs utilized          
               186      context-switches          #    0.067 K/sec                  
                34      cpu-migrations            #    0.012 K/sec                  
             5,764      page-faults               #    0.002 M/sec                  
     8,095,174,090      cycles                    #    2.906 GHz                      (50.10%)
   <not supported>      stalled-cycles-frontend  
   <not supported>      stalled-cycles-backend   
    14,294,802,512      instructions              #    1.77  insns per cycle          (62.53%)
     2,988,672,708      branches                  # 1072.811 M/sec                    (62.51%)
        22,463,933      branch-misses             #    0.75% of all branches          (62.51%)
     4,166,126,153      L1-dcache-loads           # 1495.469 M/sec                    (62.02%)
        52,468,948      L1-dcache-load-misses     #    1.26% of all L1-dcache hits    (25.03%)
         5,589,447      LLC-loads                 #    2.006 M/sec                    (25.20%)
            60,666      LLC-load-misses           #    1.09% of all LL-cache hits     (37.68%)

       2.785214826 seconds time elapsed


 Performance counter stats for 'taskset -c 0,1,2,3,4,5,6,7 snap run minebench.BIRCHMedium':

       2679.373160      task-clock (msec)         #    1.000 CPUs utilized          
               190      context-switches          #    0.071 K/sec                  
                34      cpu-migrations            #    0.013 K/sec                  
             5,760      page-faults               #    0.002 M/sec                  
     8,138,686,053      cycles                    #    3.038 GHz                      (50.01%)
   <not supported>      stalled-cycles-frontend  
   <not supported>      stalled-cycles-backend   
    14,487,219,849      instructions              #    1.78  insns per cycle          (62.68%)
     3,026,769,864      branches                  # 1129.656 M/sec                    (62.74%)
        21,136,041      branch-misses             #    0.70% of all branches          (62.76%)
     4,327,699,709      L1-dcache-loads           # 1615.191 M/sec                    (61.36%)
        53,150,320      L1-dcache-load-misses     #    1.23% of all L1-dcache hits    (24.98%)
         4,836,567      LLC-loads                 #    1.805 M/sec                    (24.89%)
           208,937      LLC-load-misses           #    4.32% of all LL-cache hits     (37.50%)

       2.678537822 seconds time elapsed

------------------------------

 Performance counter stats for 'taskset -c 0,1,2,3,4,5,6,7 snap run minebench.BIRCHMedium':

       2872.114096      task-clock (msec)         #    0.997 CPUs utilized          
               185      context-switches          #    0.064 K/sec                  
                36      cpu-migrations            #    0.013 K/sec                  
             5,736      page-faults               #    0.002 M/sec                  
     8,329,568,753      cycles                    #    2.900 GHz                      (49.84%)
   <not supported>      stalled-cycles-frontend  
   <not supported>      stalled-cycles-backend   
    14,275,926,471      instructions              #    1.71  insns per cycle          (62.40%)
     2,995,068,583      branches                  # 1042.810 M/sec                    (62.52%)
        22,020,895      branch-misses             #    0.74% of all branches          (62.75%)
     4,193,831,844      L1-dcache-loads           # 1460.190 M/sec                    (62.01%)
        47,187,614      L1-dcache-load-misses     #    1.13% of all L1-dcache hits    (25.03%)
         5,709,929      LLC-loads                 #    1.988 M/sec                    (24.92%)
            79,325      LLC-load-misses           #    1.39% of all LL-cache hits     (37.33%)

       2.881829233 seconds time elapsed


 Performance counter stats for 'taskset -c 0,1,2,3,4,5,6,7 snap run minebench.BIRCHMedium':

       2881.694148      task-clock (msec)         #    1.000 CPUs utilized          
               193      context-switches          #    0.067 K/sec                  
                38      cpu-migrations            #    0.013 K/sec                  
             5,754      page-faults               #    0.002 M/sec                  
     8,320,002,073      cycles                    #    2.887 GHz                      (50.02%)
   <not supported>      stalled-cycles-frontend  
   <not supported>      stalled-cycles-backend   
    14,591,831,737      instructions              #    1.75  insns per cycle          (62.53%)
     3,037,723,603      branches                  # 1054.145 M/sec                    (62.52%)
        20,410,677      branch-misses             #    0.67% of all branches          (62.53%)
     4,307,403,150      L1-dcache-loads           # 1494.747 M/sec                    (61.80%)
        89,878,727      L1-dcache-load-misses     #    2.09% of all L1-dcache hits    (25.06%)
         7,303,924      LLC-loads                 #    2.535 M/sec                    (25.06%)
           256,251      LLC-load-misses           #    3.51% of all LL-cache hits     (37.44%)

       2.881352675 seconds time elapsed

