------------------------------

 Performance counter stats for 'taskset -c 0 snap run minebench.ECLAT':

        763.870390      task-clock (msec)         #    0.550 CPUs utilized          
             2,047      context-switches          #    0.003 M/sec                  
                 1      cpu-migrations            #    0.001 K/sec                  
             4,457      page-faults               #    0.006 M/sec                  
     1,735,085,005      cycles                    #    2.271 GHz                      (50.73%)
   <not supported>      stalled-cycles-frontend  
   <not supported>      stalled-cycles-backend   
     2,615,317,091      instructions              #    1.51  insns per cycle          (63.90%)
       329,782,001      branches                  #  431.725 M/sec                    (63.96%)
        35,334,087      branch-misses             #   10.71% of all branches          (64.09%)
       541,543,705      L1-dcache-loads           #  708.947 M/sec                    (57.46%)
         3,759,466      L1-dcache-load-misses     #    0.69% of all L1-dcache hits    (24.80%)
           458,594      LLC-loads                 #    0.600 M/sec                    (26.06%)
            35,319      LLC-load-misses           #    7.70% of all LL-cache hits     (38.41%)

       1.387835673 seconds time elapsed

------------------------------

 Performance counter stats for 'taskset -c 0 snap run minebench.ECLAT':

        606.702734      task-clock (msec)         #    0.522 CPUs utilized          
             2,167      context-switches          #    0.004 M/sec                  
                 1      cpu-migrations            #    0.002 K/sec                  
             4,427      page-faults               #    0.007 M/sec                  
     1,680,656,052      cycles                    #    2.770 GHz                      (48.77%)
   <not supported>      stalled-cycles-frontend  
   <not supported>      stalled-cycles-backend   
     2,537,708,020      instructions              #    1.51  insns per cycle          (60.44%)
       316,095,500      branches                  #  521.006 M/sec                    (60.09%)
        34,605,995      branch-misses             #   10.95% of all branches          (62.68%)
       524,529,253      L1-dcache-loads           #  864.557 M/sec                    (62.38%)
         3,793,180      L1-dcache-load-misses     #    0.72% of all L1-dcache hits    (27.63%)
           412,385      LLC-loads                 #    0.680 M/sec                    (24.24%)
            25,700      LLC-load-misses           #    6.23% of all LL-cache hits     (36.51%)

       1.161330215 seconds time elapsed

------------------------------

 Performance counter stats for 'taskset -c 0 snap run minebench.ECLAT':

        413.001863      task-clock (msec)         #    0.319 CPUs utilized          
             1,119      context-switches          #    0.003 M/sec                  
                 2      cpu-migrations            #    0.005 K/sec                  
             4,386      page-faults               #    0.011 M/sec                  
       846,859,875      cycles                    #    2.050 GHz                      (53.11%)
   <not supported>      stalled-cycles-frontend  
   <not supported>      stalled-cycles-backend   
     1,285,041,011      instructions              #    1.52  insns per cycle          (63.87%)
       168,961,099      branches                  #  409.105 M/sec                    (61.29%)
        17,676,586      branch-misses             #   10.46% of all branches          (61.72%)
       272,770,603      L1-dcache-loads           #  660.459 M/sec                    (49.39%)
         2,539,412      L1-dcache-load-misses     #    0.93% of all L1-dcache hits    (27.06%)
           381,882      LLC-loads                 #    0.925 M/sec                    (30.80%)
            22,792      LLC-load-misses           #    5.97% of all LL-cache hits     (43.39%)

       1.295766632 seconds time elapsed

------------------------------

 Performance counter stats for 'taskset -c 0 snap run minebench.ECLAT':

        408.770115      task-clock (msec)         #    0.316 CPUs utilized          
             1,148      context-switches          #    0.003 M/sec                  
                 2      cpu-migrations            #    0.005 K/sec                  
             4,383      page-faults               #    0.011 M/sec                  
       874,632,280      cycles                    #    2.140 GHz                      (55.13%)
   <not supported>      stalled-cycles-frontend  
   <not supported>      stalled-cycles-backend   
     1,322,986,712      instructions              #    1.51  insns per cycle          (66.00%)
       169,074,824      branches                  #  413.618 M/sec                    (63.65%)
        18,220,192      branch-misses             #   10.78% of all branches          (63.04%)
       275,503,679      L1-dcache-loads           #  673.982 M/sec                    (55.85%)
         2,913,131      L1-dcache-load-misses     #    1.06% of all L1-dcache hits    (26.45%)
           709,142      LLC-loads                 #    1.735 M/sec                    (30.00%)
            53,986      LLC-load-misses           #    7.61% of all LL-cache hits     (43.70%)

       1.293285868 seconds time elapsed

------------------------------

 Performance counter stats for 'taskset -c 0 snap run minebench.BIRCH':

      18477.581281      task-clock (msec)         #    0.968 CPUs utilized          
             7,383      context-switches          #    0.400 K/sec                  
                 1      cpu-migrations            #    0.000 K/sec                  
             9,124      page-faults               #    0.494 K/sec                  
    57,979,239,201      cycles                    #    3.138 GHz                      (50.05%)
   <not supported>      stalled-cycles-frontend  
   <not supported>      stalled-cycles-backend   
   107,298,842,398      instructions              #    1.85  insns per cycle          (62.50%)
    21,142,486,452      branches                  # 1144.224 M/sec                    (62.48%)
       262,693,633      branch-misses             #    1.24% of all branches          (62.35%)
    29,223,324,433      L1-dcache-loads           # 1581.556 M/sec                    (62.45%)
       501,127,394      L1-dcache-load-misses     #    1.71% of all L1-dcache hits    (25.10%)
        18,489,335      LLC-loads                 #    1.001 M/sec                    (25.07%)
           833,263      LLC-load-misses           #    4.51% of all LL-cache hits     (37.61%)

      19.083327123 seconds time elapsed

------------------------------

 Performance counter stats for 'taskset -c 0 snap run minebench.BIRCH':

      19690.515748      task-clock (msec)         #    0.970 CPUs utilized          
             7,708      context-switches          #    0.391 K/sec                  
                 1      cpu-migrations            #    0.000 K/sec                  
             8,533      page-faults               #    0.433 K/sec                  
    60,916,116,118      cycles                    #    3.094 GHz                      (50.11%)
   <not supported>      stalled-cycles-frontend  
   <not supported>      stalled-cycles-backend   
   107,201,799,921      instructions              #    1.76  insns per cycle          (62.56%)
    21,134,584,188      branches                  # 1073.338 M/sec                    (62.59%)
       268,918,976      branch-misses             #    1.27% of all branches          (62.64%)
    29,375,602,244      L1-dcache-loads           # 1491.866 M/sec                    (62.04%)
       579,901,469      L1-dcache-load-misses     #    1.97% of all L1-dcache hits    (24.97%)
        15,070,611      LLC-loads                 #    0.765 M/sec                    (24.97%)
           794,454      LLC-load-misses           #    5.27% of all LL-cache hits     (37.55%)

      20.300160321 seconds time elapsed

------------------------------

 Performance counter stats for 'taskset -c 0 snap run minebench.BIRCH':

      17982.257647      task-clock (msec)         #    0.493 CPUs utilized          
             3,727      context-switches          #    0.207 K/sec                  
                 2      cpu-migrations            #    0.000 K/sec                  
             9,062      page-faults               #    0.504 K/sec                  
    56,605,643,108      cycles                    #    3.148 GHz                      (50.15%)
   <not supported>      stalled-cycles-frontend  
   <not supported>      stalled-cycles-backend   
   105,821,202,452      instructions              #    1.87  insns per cycle          (62.99%)
    21,029,859,350      branches                  # 1169.478 M/sec                    (62.39%)
       245,565,000      branch-misses             #    1.17% of all branches          (62.73%)
    29,083,934,622      L1-dcache-loads           # 1617.368 M/sec                    (62.03%)
       524,076,226      L1-dcache-load-misses     #    1.80% of all L1-dcache hits    (25.04%)
        15,309,910      LLC-loads                 #    0.851 M/sec                    (25.07%)
           720,303      LLC-load-misses           #    4.70% of all LL-cache hits     (37.94%)

      36.503977566 seconds time elapsed

------------------------------

 Performance counter stats for 'taskset -c 0 snap run minebench.BIRCH':

      18141.989635      task-clock (msec)         #    0.493 CPUs utilized          
             3,652      context-switches          #    0.201 K/sec                  
                 2      cpu-migrations            #    0.000 K/sec                  
             9,051      page-faults               #    0.499 K/sec                  
    56,393,740,638      cycles                    #    3.108 GHz                      (50.12%)
   <not supported>      stalled-cycles-frontend  
   <not supported>      stalled-cycles-backend   
   105,941,342,568      instructions              #    1.88  insns per cycle          (62.45%)
    20,974,287,955      branches                  # 1156.118 M/sec                    (62.70%)
       236,743,360      branch-misses             #    1.13% of all branches          (62.41%)
    28,996,700,786      L1-dcache-loads           # 1598.320 M/sec                    (62.14%)
       472,747,674      L1-dcache-load-misses     #    1.63% of all L1-dcache hits    (24.87%)
        15,874,593      LLC-loads                 #    0.875 M/sec                    (25.15%)
           789,211      LLC-load-misses           #    4.97% of all LL-cache hits     (37.65%)

      36.819669182 seconds time elapsed

