------------------------------

 Performance counter stats for 'taskset -c 0,1,2,3 snap run minebench.ECLAT':

        945.548828      task-clock (msec)         #    0.604 CPUs utilized          
             1,874      context-switches          #    0.002 M/sec                  
                44      cpu-migrations            #    0.047 K/sec                  
             4,554      page-faults               #    0.005 M/sec                  
     1,777,708,918      cycles                    #    1.880 GHz                      (50.91%)
   <not supported>      stalled-cycles-frontend  
   <not supported>      stalled-cycles-backend   
     2,652,652,005      instructions              #    1.49  insns per cycle          (62.50%)
       330,134,686      branches                  #  349.146 M/sec                    (63.06%)
        35,561,909      branch-misses             #   10.77% of all branches          (63.54%)
       540,014,130      L1-dcache-loads           #  571.112 M/sec                    (57.73%)
         3,794,856      L1-dcache-load-misses     #    0.70% of all L1-dcache hits    (24.19%)
           699,974      LLC-loads                 #    0.740 M/sec                    (25.39%)
            92,000      LLC-load-misses           #   13.14% of all LL-cache hits     (38.54%)

       1.566533703 seconds time elapsed

------------------------------

 Performance counter stats for 'taskset -c 0,1,2,3 snap run minebench.ECLAT':

        890.775099      task-clock (msec)         #    0.655 CPUs utilized          
             1,670      context-switches          #    0.002 M/sec                  
                95      cpu-migrations            #    0.107 K/sec                  
             4,457      page-faults               #    0.005 M/sec                  
     1,733,780,450      cycles                    #    1.946 GHz                      (50.37%)
   <not supported>      stalled-cycles-frontend  
   <not supported>      stalled-cycles-backend   
     2,589,229,925      instructions              #    1.49  insns per cycle          (63.48%)
       324,203,232      branches                  #  363.956 M/sec                    (62.48%)
        35,461,880      branch-misses             #   10.94% of all branches          (62.66%)
       537,128,298      L1-dcache-loads           #  602.990 M/sec                    (56.45%)
         4,238,022      L1-dcache-load-misses     #    0.79% of all L1-dcache hits    (24.99%)
           731,394      LLC-loads                 #    0.821 M/sec                    (26.20%)
            74,573      LLC-load-misses           #   10.20% of all LL-cache hits     (38.17%)

       1.359960405 seconds time elapsed

------------------------------

 Performance counter stats for 'taskset -c 0,1,2,3 snap run minebench.ECLAT':

        553.605266      task-clock (msec)         #    0.416 CPUs utilized          
             1,295      context-switches          #    0.002 M/sec                  
                55      cpu-migrations            #    0.099 K/sec                  
             4,389      page-faults               #    0.008 M/sec                  
       911,651,942      cycles                    #    1.647 GHz                      (51.40%)
   <not supported>      stalled-cycles-frontend  
   <not supported>      stalled-cycles-backend   
     1,361,033,589      instructions              #    1.49  insns per cycle          (63.78%)
       175,992,450      branches                  #  317.902 M/sec                    (63.45%)
        19,331,368      branch-misses             #   10.98% of all branches          (65.81%)
       288,885,904      L1-dcache-loads           #  521.827 M/sec                    (58.22%)
         2,728,894      L1-dcache-load-misses     #    0.94% of all L1-dcache hits    (22.79%)
           254,891      LLC-loads                 #    0.460 M/sec                    (25.24%)
            18,368      LLC-load-misses           #    7.21% of all LL-cache hits     (37.35%)

       1.330546112 seconds time elapsed

------------------------------

 Performance counter stats for 'taskset -c 0,1,2,3 snap run minebench.ECLAT':

        593.292267      task-clock (msec)         #    0.453 CPUs utilized          
             1,203      context-switches          #    0.002 M/sec                  
                55      cpu-migrations            #    0.093 K/sec                  
             4,427      page-faults               #    0.007 M/sec                  
     1,030,997,484      cycles                    #    1.738 GHz                      (52.46%)
   <not supported>      stalled-cycles-frontend  
   <not supported>      stalled-cycles-backend   
     1,540,041,904      instructions              #    1.49  insns per cycle          (63.56%)
       195,679,867      branches                  #  329.820 M/sec                    (61.71%)
        21,023,325      branch-misses             #   10.74% of all branches          (60.36%)
       319,466,909      L1-dcache-loads           #  538.465 M/sec                    (56.75%)
         3,232,940      L1-dcache-load-misses     #    1.01% of all L1-dcache hits    (27.06%)
           585,538      LLC-loads                 #    0.987 M/sec                    (28.00%)
            46,761      LLC-load-misses           #    7.99% of all LL-cache hits     (39.71%)

       1.308618177 seconds time elapsed

------------------------------

 Performance counter stats for 'taskset -c 0,1,2,3 snap run minebench.BIRCH':

       3991.109668      task-clock (msec)         #    0.884 CPUs utilized          
             2,766      context-switches          #    0.693 K/sec                  
                34      cpu-migrations            #    0.009 K/sec                  
             6,215      page-faults               #    0.002 M/sec                  
    10,863,552,213      cycles                    #    2.722 GHz                      (50.12%)
   <not supported>      stalled-cycles-frontend  
   <not supported>      stalled-cycles-backend   
    19,221,058,648      instructions              #    1.77  insns per cycle          (62.45%)
     3,624,828,048      branches                  #  908.226 M/sec                    (62.23%)
        77,095,805      branch-misses             #    2.13% of all branches          (62.58%)
     5,224,788,224      L1-dcache-loads           # 1309.107 M/sec                    (61.92%)
        59,236,178      L1-dcache-load-misses     #    1.13% of all L1-dcache hits    (25.28%)
         4,247,323      LLC-loads                 #    1.064 M/sec                    (25.00%)
           156,145      LLC-load-misses           #    3.68% of all LL-cache hits     (37.29%)

       4.515157221 seconds time elapsed

------------------------------

 Performance counter stats for 'taskset -c 0,1,2,3 snap run minebench.BIRCH':

       4131.606962      task-clock (msec)         #    0.887 CPUs utilized          
             2,670      context-switches          #    0.646 K/sec                  
                36      cpu-migrations            #    0.009 K/sec                  
             6,240      page-faults               #    0.002 M/sec                  
    10,880,680,767      cycles                    #    2.634 GHz                      (50.01%)
   <not supported>      stalled-cycles-frontend  
   <not supported>      stalled-cycles-backend   
    19,283,678,366      instructions              #    1.77  insns per cycle          (62.39%)
     3,620,935,150      branches                  #  876.399 M/sec                    (62.49%)
        77,481,443      branch-misses             #    2.14% of all branches          (62.74%)
     5,221,929,208      L1-dcache-loads           # 1263.898 M/sec                    (62.09%)
        95,208,768      L1-dcache-load-misses     #    1.82% of all L1-dcache hits    (25.05%)
         5,348,923      LLC-loads                 #    1.295 M/sec                    (24.87%)
           124,970      LLC-load-misses           #    2.34% of all LL-cache hits     (37.22%)

       4.657077334 seconds time elapsed

------------------------------

 Performance counter stats for 'taskset -c 0,1,2,3 snap run minebench.BIRCH':

       3813.116946      task-clock (msec)         #    0.865 CPUs utilized          
             2,285      context-switches          #    0.599 K/sec                  
                71      cpu-migrations            #    0.019 K/sec                  
             6,221      page-faults               #    0.002 M/sec                  
    10,359,353,906      cycles                    #    2.717 GHz                      (50.04%)
   <not supported>      stalled-cycles-frontend  
   <not supported>      stalled-cycles-backend   
    18,585,442,998      instructions              #    1.79  insns per cycle          (62.35%)
     3,529,106,685      branches                  #  925.518 M/sec                    (62.56%)
        68,149,942      branch-misses             #    1.93% of all branches          (62.66%)
     5,090,044,640      L1-dcache-loads           # 1334.878 M/sec                    (61.68%)
        92,923,044      L1-dcache-load-misses     #    1.83% of all L1-dcache hits    (25.19%)
         5,441,589      LLC-loads                 #    1.427 M/sec                    (25.00%)
           118,569      LLC-load-misses           #    2.18% of all LL-cache hits     (37.57%)

       4.405851239 seconds time elapsed

------------------------------

 Performance counter stats for 'taskset -c 0,1,2,3 snap run minebench.BIRCH':

       4258.199048      task-clock (msec)         #    0.849 CPUs utilized          
             1,991      context-switches          #    0.468 K/sec                  
                81      cpu-migrations            #    0.019 K/sec                  
             6,196      page-faults               #    0.001 M/sec                  
     9,987,595,902      cycles                    #    2.345 GHz                      (50.15%)
   <not supported>      stalled-cycles-frontend  
   <not supported>      stalled-cycles-backend   
    18,066,930,930      instructions              #    1.81  insns per cycle          (62.57%)
     3,464,505,070      branches                  #  813.608 M/sec                    (62.73%)
        59,649,501      branch-misses             #    1.72% of all branches          (62.51%)
     4,998,546,017      L1-dcache-loads           # 1173.864 M/sec                    (60.99%)
        83,281,747      L1-dcache-load-misses     #    1.67% of all L1-dcache hits    (24.84%)
         5,126,264      LLC-loads                 #    1.204 M/sec                    (25.25%)
           153,849      LLC-load-misses           #    3.00% of all LL-cache hits     (37.64%)

       5.014314669 seconds time elapsed

